0 info it worked if it ends with ok
1 verbose cli [
1 verbose cli   '/home/waq/.nvm/versions/node/v12.22.12/bin/node',
1 verbose cli   '/home/waq/.nvm/versions/node/v12.22.12/bin/npm',
1 verbose cli   'run',
1 verbose cli   'serve'
1 verbose cli ]
2 info using npm@6.14.16
3 info using node@v12.22.12
4 verbose config Skipping project config: /home/waq/.npmrc. (matches userconfig)
5 verbose stack Error: ENOENT: no such file or directory, open '/home/waq/package.json'
6 verbose cwd /home/waq
7 verbose Linux 6.8.0-48-generic
8 verbose argv "/home/waq/.nvm/versions/node/v12.22.12/bin/node" "/home/waq/.nvm/versions/node/v12.22.12/bin/npm" "run" "serve"
9 verbose node v12.22.12
10 verbose npm  v6.14.16
11 error code ENOENT
12 error syscall open
13 error path /home/waq/package.json
14 error errno -2
15 error enoent ENOENT: no such file or directory, open '/home/waq/package.json'
16 error enoent This is related to npm not being able to find a file.
17 verbose exit [ -2, true ]
