Vetur initialized
[Error - 17:40:43] 
[INFO ] Loaded bundled typescript@4.9.5.
[INFO ] Loaded bundled prettier.
[INFO ] Loaded bundled @starptech/prettyhtml.
[INFO ] Loaded bundled prettier-eslint.
[INFO ] Loaded bundled prettier-tslint.
[INFO ] Loaded bundled stylus-supremacy.
[INFO ] Loaded bundled @prettier/plugin-pug.
[Error - 17:40:43] Error: Can't find package.json in project
    at inferVueVersion (/home/waq/.vscode-server/extensions/octref.vetur-0.37.3/server/dist/vls.js:667:3056)
    at Object.getVueVersion (/home/waq/.vscode-server/extensions/octref.vetur-0.37.3/server/dist/vls.js:895:3207)
    at getServiceHost (/home/waq/.vscode-server/extensions/octref.vetur-0.37.3/server/dist/vls.js:888:568)
    at hb.init (/home/waq/.vscode-server/extensions/octref.vetur-0.37.3/server/dist/vls.js:895:1259)
    at createProjectService (/home/waq/.vscode-server/extensions/octref.vetur-0.37.3/server/dist/vls.js:895:8486)
    at _T.getProjectService (/home/waq/.vscode-server/extensions/octref.vetur-0.37.3/server/dist/vls.js:896:10802)
    at async _T.doValidate (/home/waq/.vscode-server/extensions/octref.vetur-0.37.3/server/dist/vls.js:896:18216)
    at async _T.validateTextDocument (/home/waq/.vscode-server/extensions/octref.vetur-0.37.3/server/dist/vls.js:896:18090)
[Error - 17:40:43] Error: Can't find package.json in project
    at inferVueVersion (/home/waq/.vscode-server/extensions/octref.vetur-0.37.3/server/dist/vls.js:667:3056)
    at Object.getVueVersion (/home/waq/.vscode-server/extensions/octref.vetur-0.37.3/server/dist/vls.js:895:3207)
    at F (/home/waq/.vscode-server/extensions/octref.vetur-0.37.3/server/dist/vls.js:888:781)
    at getServiceHost (/home/waq/.vscode-server/extensions/octref.vetur-0.37.3/server/dist/vls.js:888:655)
    at hb.init (/home/waq/.vscode-server/extensions/octref.vetur-0.37.3/server/dist/vls.js:895:1259)
    at createProjectService (/home/waq/.vscode-server/extensions/octref.vetur-0.37.3/server/dist/vls.js:895:8486)
    at _T.getProjectService (/home/waq/.vscode-server/extensions/octref.vetur-0.37.3/server/dist/vls.js:896:10802)
    at async _T.doValidate (/home/waq/.vscode-server/extensions/octref.vetur-0.37.3/server/dist/vls.js:896:18216)
    at async _T.validateTextDocument (/home/waq/.vscode-server/extensions/octref.vetur-0.37.3/server/dist/vls.js:896:18090)
[Error - 17:40:43] Error: Can't find package.json in project
    at inferVueVersion (/home/waq/.vscode-server/extensions/octref.vetur-0.37.3/server/dist/vls.js:667:3056)
    at Object.getVueVersion (/home/waq/.vscode-server/extensions/octref.vetur-0.37.3/server/dist/vls.js:895:3207)
    at new HTMLMode (/home/waq/.vscode-server/extensions/octref.vetur-0.37.3/server/dist/vls.js:757:1636)
    at new VueHTMLMode (/home/waq/.vscode-server/extensions/octref.vetur-0.37.3/server/dist/vls.js:767:3668)
    at hb.init (/home/waq/.vscode-server/extensions/octref.vetur-0.37.3/server/dist/vls.js:895:1457)
    at createProjectService (/home/waq/.vscode-server/extensions/octref.vetur-0.37.3/server/dist/vls.js:895:8486)
    at _T.getProjectService (/home/waq/.vscode-server/extensions/octref.vetur-0.37.3/server/dist/vls.js:896:10802)
    at async _T.doValidate (/home/waq/.vscode-server/extensions/octref.vetur-0.37.3/server/dist/vls.js:896:18216)
    at async _T.validateTextDocument (/home/waq/.vscode-server/extensions/octref.vetur-0.37.3/server/dist/vls.js:896:18090)
DeprecationWarning: 'createIdentifier' has been deprecated since v4.0.0. Use the appropriate method on 'ts.factory' or the 'factory' supplied by your transformation context instead.
DeprecationWarning: 'createImportClause' has been deprecated since v4.0.0. Use the appropriate method on 'ts.factory' or the 'factory' supplied by your transformation context instead.
DeprecationWarning: 'createLiteral' has been deprecated since v4.0.0. Use `factory.createStringLiteral`, `factory.createStringLiteralFromNode`, `factory.createNumericLiteral`, `factory.createBigIntLiteral`, `factory.createTrue`, `factory.createFalse`, or the factory supplied by your transformation context instead.
DeprecationWarning: 'createImportDeclaration' has been deprecated since v4.8.0. Decorators are no longer supported for this function. Callers should switch to an overload that does not accept a 'decorators' parameter.
DeprecationWarning: 'createCallExpression' has been deprecated since v4.0.0. Use the appropriate method on 'ts.factory' or the 'factory' supplied by your transformation context instead.
[Error - 17:40:44] Request textDocument/semanticTokens/full failed.
  Message: Request textDocument/semanticTokens/full failed with message: Cannot read properties of undefined (reading 'flags')
  Code: -32603 
[Error - 17:40:44] Request textDocument/semanticTokens/range failed.
  Message: Request textDocument/semanticTokens/range failed with message: Cannot read properties of undefined (reading 'flags')
  Code: -32603 
[Error - 17:45:25] Request textDocument/semanticTokens/range failed.
  Message: Request textDocument/semanticTokens/range failed with message: Cannot read properties of undefined (reading 'flags')
  Code: -32603 
[Error - 17:49:15] Request textDocument/semanticTokens/range failed.
  Message: Request textDocument/semanticTokens/range failed with message: Cannot read properties of undefined (reading 'flags')
  Code: -32603 
[Error - 17:49:16] Request textDocument/semanticTokens/range failed.
  Message: Request textDocument/semanticTokens/range failed with message: Cannot read properties of undefined (reading 'flags')
  Code: -32603 
[Error - 17:50:22] Request textDocument/semanticTokens/range failed.
  Message: Request textDocument/semanticTokens/range failed with message: Cannot read properties of undefined (reading 'flags')
  Code: -32603 
[Error - 18:00:19] Request textDocument/semanticTokens/range failed.
  Message: Request textDocument/semanticTokens/range failed with message: Cannot read properties of undefined (reading 'flags')
  Code: -32603 
[Error - 18:00:19] Request textDocument/semanticTokens/full failed.
  Message: Request textDocument/semanticTokens/full failed with message: Cannot read properties of undefined (reading 'flags')
  Code: -32603 
