2024-11-06 11:38:12.024 [info] Extension host with pid 70314 started
2024-11-06 11:38:12.063 [info] Lock '/home/waq/.vscode-server/data/User/workspaceStorage/f2c5e88cc6ff560520be7d8442405061/vscode.lock': Lock acquired.
2024-11-06 11:38:12.103 [info] ExtensionService#_doActivateExtension vscode.tunnel-forwarding, startup: false, activationEvent: 'onTunnel'
2024-11-06 11:38:12.104 [info] ExtensionService#_doActivateExtension vscode.emmet, startup: false, activationEvent: 'onLanguage'
2024-11-06 11:38:12.104 [info] ExtensionService#_doActivateExtension octref.vetur, startup: false, activationEvent: 'onLanguage:vue'
2024-11-06 11:38:12.104 [info] ExtensionService#_doActivateExtension vscode.git-base, startup: false, activationEvent: '*', root cause: vscode.git
2024-11-06 11:38:12.499 [info] ExtensionService#_doActivateExtension vscode.git, startup: false, activationEvent: '*'
2024-11-06 11:38:12.499 [info] ExtensionService#_doActivateExtension vscode.github, startup: false, activationEvent: '*'
2024-11-06 11:38:13.107 [info] Eager extensions activated
2024-11-06 11:38:13.107 [info] ExtensionService#_doActivateExtension vscode.debug-auto-launch, startup: false, activationEvent: 'onStartupFinished'
2024-11-06 11:38:13.107 [info] ExtensionService#_doActivateExtension vscode.merge-conflict, startup: false, activationEvent: 'onStartupFinished'
2024-11-06 11:38:13.813 [error] [octref.vetur] provider FAILED
2024-11-06 11:38:13.814 [error] Error: Request textDocument/semanticTokens/full failed with message: Cannot read properties of undefined (reading 'flags')
	at /home/waq/.vscode-server/extensions/octref.vetur-0.37.3/dist/vueMain.js:1:62416
	at /home/waq/.vscode-server/extensions/octref.vetur-0.37.3/dist/vueMain.js:1:62710
	at Immediate.<anonymous> (/home/waq/.vscode-server/extensions/octref.vetur-0.37.3/dist/vueMain.js:1:63075)
	at process.processImmediate (node:internal/timers:483:21)
2024-11-06 11:38:13.819 [error] [octref.vetur] provider FAILED
2024-11-06 11:38:13.819 [error] Error: Request textDocument/semanticTokens/range failed with message: Cannot read properties of undefined (reading 'flags')
	at /home/waq/.vscode-server/extensions/octref.vetur-0.37.3/dist/vueMain.js:1:62416
	at /home/waq/.vscode-server/extensions/octref.vetur-0.37.3/dist/vueMain.js:1:62710
	at Immediate.<anonymous> (/home/waq/.vscode-server/extensions/octref.vetur-0.37.3/dist/vueMain.js:1:63075)
	at process.processImmediate (node:internal/timers:483:21)
2024-11-06 11:38:23.320 [info] Extension host terminating: received terminate message from renderer
2024-11-06 11:38:23.320 [info] Lock '/home/waq/.vscode-server/data/User/workspaceStorage/f2c5e88cc6ff560520be7d8442405061/vscode.lock': Marking the lockfile as scheduled to be released in 6000 ms.
2024-11-06 11:38:23.330 [info] Extension host with pid 70314 exiting with code 0
