*
* Visual Studio Code Server
*
* By using the software, you agree to
* the Visual Studio Code Server License Terms (https://aka.ms/vscode-server-license) and
* the Microsoft Privacy Statement (https://privacy.microsoft.com/en-US/privacystatement).
*
Server bound to 127.0.0.1:43111 (IPv4)
Extension host agent listening on 43111

[20:00:43] 




[20:00:43] Extension host agent started.
[20:00:43] [127.0.0.1][c0e0db8e][ManagementConnection] New connection established.
[20:00:43] [127.0.0.1][c9478f28][ExtensionHostConnection] New connection established.
[20:00:43] [127.0.0.1][c9478f28][ExtensionHostConnection] <64177> Launched Extension Host Process.
New EH opened, aborting shutdown
[20:05:43] New EH opened, aborting shutdown
rejected promise not handled within 1 second: AggregateError
stack trace: AggregateError
    at internalConnectMultiple (node:net:1081:18)
    at afterConnectMultiple (node:net:1532:5)
[20:11:59] AggregateError
    at internalConnectMultiple (node:net:1081:18)
    at afterConnectMultiple (node:net:1532:5) {
  code: 'ECONNREFUSED',
  [errors]: [
    Error: connect ECONNREFUSED 127.0.0.1:8081
        at afterConnectMultiple (node:net:1519:16) {
      errno: -111,
      code: 'ECONNREFUSED',
      syscall: 'connect',
      address: '127.0.0.1',
      port: 8081
    }
  ]
}
rejected promise not handled within 1 second: AggregateError
stack trace: AggregateError
    at internalConnectMultiple (node:net:1081:18)
    at afterConnectMultiple (node:net:1532:5)
[20:13:53] AggregateError
    at internalConnectMultiple (node:net:1081:18)
    at afterConnectMultiple (node:net:1532:5) {
  code: 'ECONNREFUSED',
  [errors]: [
    Error: connect ECONNREFUSED 127.0.0.1:8080
        at afterConnectMultiple (node:net:1519:16) {
      errno: -111,
      code: 'ECONNREFUSED',
      syscall: 'connect',
      address: '127.0.0.1',
      port: 8080
    }
  ]
}
[22:09:48] [127.0.0.1][c0e0db8e][ManagementConnection] The client has disconnected gracefully, so the connection will be disposed.
[22:09:48] Error: Throttler is disposed
    at c.queue (/home/waq/.vscode-server/bin/abd2f3db4bdb28f9e95536dfa84d8479f1eb312d/out/vs/server/node/server.main.js:70:13632)
    at /home/waq/.vscode-server/bin/abd2f3db4bdb28f9e95536dfa84d8479f1eb312d/out/vs/server/node/server.main.js:70:15216
    at /home/waq/.vscode-server/bin/abd2f3db4bdb28f9e95536dfa84d8479f1eb312d/out/vs/server/node/server.main.js:70:14852
    at runNextTicks (node:internal/process/task_queues:60:5)
    at listOnTimeout (node:internal/timers:538:9)
    at process.processTimers (node:internal/timers:512:7)
[22:09:48] Error: Throttler is disposed
    at c.queue (/home/waq/.vscode-server/bin/abd2f3db4bdb28f9e95536dfa84d8479f1eb312d/out/vs/server/node/server.main.js:70:13632)
    at /home/waq/.vscode-server/bin/abd2f3db4bdb28f9e95536dfa84d8479f1eb312d/out/vs/server/node/server.main.js:70:15216
    at /home/waq/.vscode-server/bin/abd2f3db4bdb28f9e95536dfa84d8479f1eb312d/out/vs/server/node/server.main.js:70:14852
    at runNextTicks (node:internal/process/task_queues:60:5)
    at listOnTimeout (node:internal/timers:538:9)
    at process.processTimers (node:internal/timers:512:7)
[22:09:48] Error: Throttler is disposed
    at c.queue (/home/waq/.vscode-server/bin/abd2f3db4bdb28f9e95536dfa84d8479f1eb312d/out/vs/server/node/server.main.js:70:13632)
    at /home/waq/.vscode-server/bin/abd2f3db4bdb28f9e95536dfa84d8479f1eb312d/out/vs/server/node/server.main.js:70:15216
    at /home/waq/.vscode-server/bin/abd2f3db4bdb28f9e95536dfa84d8479f1eb312d/out/vs/server/node/server.main.js:70:14852
    at runNextTicks (node:internal/process/task_queues:60:5)
    at listOnTimeout (node:internal/timers:538:9)
    at process.processTimers (node:internal/timers:512:7)
[22:09:48] Error: Throttler is disposed
    at c.queue (/home/waq/.vscode-server/bin/abd2f3db4bdb28f9e95536dfa84d8479f1eb312d/out/vs/server/node/server.main.js:70:13632)
    at /home/waq/.vscode-server/bin/abd2f3db4bdb28f9e95536dfa84d8479f1eb312d/out/vs/server/node/server.main.js:70:15216
    at /home/waq/.vscode-server/bin/abd2f3db4bdb28f9e95536dfa84d8479f1eb312d/out/vs/server/node/server.main.js:70:14852
    at runNextTicks (node:internal/process/task_queues:60:5)
    at listOnTimeout (node:internal/timers:538:9)
    at process.processTimers (node:internal/timers:512:7)
[22:09:48] Error: Throttler is disposed
    at c.queue (/home/waq/.vscode-server/bin/abd2f3db4bdb28f9e95536dfa84d8479f1eb312d/out/vs/server/node/server.main.js:70:13632)
    at /home/waq/.vscode-server/bin/abd2f3db4bdb28f9e95536dfa84d8479f1eb312d/out/vs/server/node/server.main.js:70:15216
    at /home/waq/.vscode-server/bin/abd2f3db4bdb28f9e95536dfa84d8479f1eb312d/out/vs/server/node/server.main.js:70:14852
    at runNextTicks (node:internal/process/task_queues:60:5)
    at listOnTimeout (node:internal/timers:538:9)
    at process.processTimers (node:internal/timers:512:7)
[22:09:48] Error: Throttler is disposed
    at c.queue (/home/waq/.vscode-server/bin/abd2f3db4bdb28f9e95536dfa84d8479f1eb312d/out/vs/server/node/server.main.js:70:13632)
    at /home/waq/.vscode-server/bin/abd2f3db4bdb28f9e95536dfa84d8479f1eb312d/out/vs/server/node/server.main.js:70:15216
    at /home/waq/.vscode-server/bin/abd2f3db4bdb28f9e95536dfa84d8479f1eb312d/out/vs/server/node/server.main.js:70:14852
    at runNextTicks (node:internal/process/task_queues:60:5)
    at listOnTimeout (node:internal/timers:538:9)
    at process.processTimers (node:internal/timers:512:7)
[22:09:53] [127.0.0.1][c9478f28][ExtensionHostConnection] <64177> Extension Host Process exited with code: 0, signal: null.
Last EH closed, waiting before shutting down
[22:09:53] Last EH closed, waiting before shutting down
Last EH closed, shutting down
[22:14:53] Last EH closed, shutting down
